{
  "stats": {
    "suites": 1,
    "tests": 1,
    "passes": 0,
    "pending": 0,
    "failures": 1,
    "start": "2024-07-31T17:56:22.390Z",
    "end": "2024-07-31T17:57:02.997Z",
    "duration": 40607,
    "testsRegistered": 1,
    "passPercent": 0,
    "pendingPercent": 0,
    "other": 0,
    "hasOther": false,
    "skipped": 0,
    "hasSkipped": false
  },
  "results": [
    {
      "uuid": "4f81b6fb-c0ad-43d2-99a4-74c437548e59",
      "title": "",
      "fullFile": "cypress\\e2e\\homePage_UI_tests.cy.js",
      "file": "cypress\\e2e\\homePage_UI_tests.cy.js",
      "beforeHooks": [],
      "afterHooks": [],
      "tests": [],
      "suites": [
        {
          "uuid": "15cb797a-7d10-4406-a801-b69ab1be6c4c",
          "title": "Home Page Tests",
          "fullFile": "",
          "file": "",
          "beforeHooks": [],
          "afterHooks": [],
          "tests": [
            {
              "title": "should fail and take a screenshot if the element exists",
              "fullTitle": "Home Page Tests should fail and take a screenshot if the element exists",
              "timedOut": null,
              "duration": 12046,
              "state": "failed",
              "speed": null,
              "pass": false,
              "fail": true,
              "pending": false,
              "context": null,
              "code": "homePage.forceFailureExample(); // This will fail if the non-existent selector exists",
              "err": {
                "message": "AssertionError: Timed out retrying after 10000ms: Expected to find element: `.header-logodd`, but never found it.",
                "estack": "AssertionError: Timed out retrying after 10000ms: Expected to find element: `.header-logodd`, but never found it.\n    at Context.eval (webpack://cypress-page-object-model/./cypress/support/commands.js:6:7)",
                "diff": null
              },
              "uuid": "05ada186-3ea0-4c44-8ecf-daa87b0baf2c",
              "parentUUID": "15cb797a-7d10-4406-a801-b69ab1be6c4c",
              "isHook": false,
              "skipped": false
            }
          ],
          "suites": [],
          "passes": [],
          "failures": [
            "05ada186-3ea0-4c44-8ecf-daa87b0baf2c"
          ],
          "pending": [],
          "skipped": [],
          "duration": 12046,
          "root": false,
          "rootEmpty": false,
          "_timeout": 2000
        }
      ],
      "passes": [],
      "failures": [],
      "pending": [],
      "skipped": [],
      "duration": 0,
      "root": true,
      "rootEmpty": true,
      "_timeout": 2000
    }
  ],
  "meta": {
    "mocha": {
      "version": "7.0.1"
    },
    "mochawesome": {
      "options": {
        "quiet": false,
        "reportFilename": "mochawesome",
        "saveHtml": true,
        "saveJson": true,
        "consoleReporter": "spec",
        "useInlineDiffs": false,
        "code": true
      },
      "version": "7.1.3"
    },
    "marge": {
      "options": null,
      "version": "6.2.0"
    }
  }
}